D:\Documents\DropBox\Dropbox\University Work\Year 3\CSC3222 Gaming Simulations\GamingSim AStar\GamingSim AStar\path planning\Debug\Path Planning.pdb
D:\Documents\DropBox\Dropbox\University Work\Year 3\CSC3222 Gaming Simulations\GamingSim AStar\GamingSim AStar\path planning\Path Planning\Debug\cl.command.1.tlog
D:\Documents\DropBox\Dropbox\University Work\Year 3\CSC3222 Gaming Simulations\GamingSim AStar\GamingSim AStar\path planning\Path Planning\Debug\CL.read.1.tlog
D:\Documents\DropBox\Dropbox\University Work\Year 3\CSC3222 Gaming Simulations\GamingSim AStar\GamingSim AStar\path planning\Path Planning\Debug\CL.write.1.tlog
D:\DOCUMENTS\DROPBOX\DROPBOX\UNIVERSITY WORK\YEAR 3\CSC3222 GAMING SIMULATIONS\GAMINGSIM ASTAR\GAMINGSIM ASTAR\PATH PLANNING\PATH PLANNING\DEBUG\HEXGRID.OBJ
D:\Documents\DropBox\Dropbox\University Work\Year 3\CSC3222 Gaming Simulations\GamingSim AStar\GamingSim AStar\path planning\Path Planning\Debug\link.1860.read.1.tlog
D:\Documents\DropBox\Dropbox\University Work\Year 3\CSC3222 Gaming Simulations\GamingSim AStar\GamingSim AStar\path planning\Path Planning\Debug\link.1860.write.1.tlog
D:\Documents\DropBox\Dropbox\University Work\Year 3\CSC3222 Gaming Simulations\GamingSim AStar\GamingSim AStar\path planning\Path Planning\Debug\link.1860-cvtres.read.1.tlog
D:\Documents\DropBox\Dropbox\University Work\Year 3\CSC3222 Gaming Simulations\GamingSim AStar\GamingSim AStar\path planning\Path Planning\Debug\link.1860-cvtres.write.1.tlog
D:\Documents\DropBox\Dropbox\University Work\Year 3\CSC3222 Gaming Simulations\GamingSim AStar\GamingSim AStar\path planning\Path Planning\Debug\link.6116.read.1.tlog
D:\Documents\DropBox\Dropbox\University Work\Year 3\CSC3222 Gaming Simulations\GamingSim AStar\GamingSim AStar\path planning\Path Planning\Debug\link.6116.write.1.tlog
D:\Documents\DropBox\Dropbox\University Work\Year 3\CSC3222 Gaming Simulations\GamingSim AStar\GamingSim AStar\path planning\Path Planning\Debug\link.6116-cvtres.read.1.tlog
D:\Documents\DropBox\Dropbox\University Work\Year 3\CSC3222 Gaming Simulations\GamingSim AStar\GamingSim AStar\path planning\Path Planning\Debug\link.6116-cvtres.write.1.tlog
D:\Documents\DropBox\Dropbox\University Work\Year 3\CSC3222 Gaming Simulations\GamingSim AStar\GamingSim AStar\path planning\Path Planning\Debug\link.6912.read.1.tlog
D:\Documents\DropBox\Dropbox\University Work\Year 3\CSC3222 Gaming Simulations\GamingSim AStar\GamingSim AStar\path planning\Path Planning\Debug\link.6912.write.1.tlog
D:\Documents\DropBox\Dropbox\University Work\Year 3\CSC3222 Gaming Simulations\GamingSim AStar\GamingSim AStar\path planning\Path Planning\Debug\link.6912-cvtres.read.1.tlog
D:\Documents\DropBox\Dropbox\University Work\Year 3\CSC3222 Gaming Simulations\GamingSim AStar\GamingSim AStar\path planning\Path Planning\Debug\link.6912-cvtres.write.1.tlog
D:\Documents\DropBox\Dropbox\University Work\Year 3\CSC3222 Gaming Simulations\GamingSim AStar\GamingSim AStar\path planning\Path Planning\Debug\link.8436.read.1.tlog
D:\Documents\DropBox\Dropbox\University Work\Year 3\CSC3222 Gaming Simulations\GamingSim AStar\GamingSim AStar\path planning\Path Planning\Debug\link.8436.write.1.tlog
D:\Documents\DropBox\Dropbox\University Work\Year 3\CSC3222 Gaming Simulations\GamingSim AStar\GamingSim AStar\path planning\Path Planning\Debug\link.8436-cvtres.read.1.tlog
D:\Documents\DropBox\Dropbox\University Work\Year 3\CSC3222 Gaming Simulations\GamingSim AStar\GamingSim AStar\path planning\Path Planning\Debug\link.8436-cvtres.write.1.tlog
D:\Documents\DropBox\Dropbox\University Work\Year 3\CSC3222 Gaming Simulations\GamingSim AStar\GamingSim AStar\path planning\Path Planning\Debug\link.9776.read.1.tlog
D:\Documents\DropBox\Dropbox\University Work\Year 3\CSC3222 Gaming Simulations\GamingSim AStar\GamingSim AStar\path planning\Path Planning\Debug\link.9776.write.1.tlog
D:\Documents\DropBox\Dropbox\University Work\Year 3\CSC3222 Gaming Simulations\GamingSim AStar\GamingSim AStar\path planning\Path Planning\Debug\link.9776-cvtres.read.1.tlog
D:\Documents\DropBox\Dropbox\University Work\Year 3\CSC3222 Gaming Simulations\GamingSim AStar\GamingSim AStar\path planning\Path Planning\Debug\link.9776-cvtres.write.1.tlog
D:\Documents\DropBox\Dropbox\University Work\Year 3\CSC3222 Gaming Simulations\GamingSim AStar\GamingSim AStar\path planning\Path Planning\Debug\link.command.1.tlog
D:\Documents\DropBox\Dropbox\University Work\Year 3\CSC3222 Gaming Simulations\GamingSim AStar\GamingSim AStar\path planning\Path Planning\Debug\link.read.1.tlog
D:\Documents\DropBox\Dropbox\University Work\Year 3\CSC3222 Gaming Simulations\GamingSim AStar\GamingSim AStar\path planning\Path Planning\Debug\link.write.1.tlog
D:\Documents\DropBox\Dropbox\University Work\Year 3\CSC3222 Gaming Simulations\GamingSim AStar\GamingSim AStar\path planning\Path Planning\Debug\link-cvtres.read.1.tlog
D:\Documents\DropBox\Dropbox\University Work\Year 3\CSC3222 Gaming Simulations\GamingSim AStar\GamingSim AStar\path planning\Path Planning\Debug\link-cvtres.write.1.tlog
D:\DOCUMENTS\DROPBOX\DROPBOX\UNIVERSITY WORK\YEAR 3\CSC3222 GAMING SIMULATIONS\GAMINGSIM ASTAR\GAMINGSIM ASTAR\PATH PLANNING\PATH PLANNING\DEBUG\MAIN.OBJ
D:\Documents\DropBox\Dropbox\University Work\Year 3\CSC3222 Gaming Simulations\GamingSim AStar\GamingSim AStar\path planning\Path Planning\Debug\mt.command.1.tlog
D:\Documents\DropBox\Dropbox\University Work\Year 3\CSC3222 Gaming Simulations\GamingSim AStar\GamingSim AStar\path planning\Path Planning\Debug\mt.read.1.tlog
D:\Documents\DropBox\Dropbox\University Work\Year 3\CSC3222 Gaming Simulations\GamingSim AStar\GamingSim AStar\path planning\Path Planning\Debug\mt.write.1.tlog
D:\DOCUMENTS\DROPBOX\DROPBOX\UNIVERSITY WORK\YEAR 3\CSC3222 GAMING SIMULATIONS\GAMINGSIM ASTAR\GAMINGSIM ASTAR\PATH PLANNING\PATH PLANNING\DEBUG\PATH PLANNING.EXE.EMBED.MANIFEST
D:\DOCUMENTS\DROPBOX\DROPBOX\UNIVERSITY WORK\YEAR 3\CSC3222 GAMING SIMULATIONS\GAMINGSIM ASTAR\GAMINGSIM ASTAR\PATH PLANNING\PATH PLANNING\DEBUG\PATH PLANNING.EXE.EMBED.MANIFEST.RES
D:\Documents\DropBox\Dropbox\University Work\Year 3\CSC3222 Gaming Simulations\GamingSim AStar\GamingSim AStar\path planning\Path Planning\Debug\Path Planning.exe.intermediate.manifest
D:\Documents\DropBox\Dropbox\University Work\Year 3\CSC3222 Gaming Simulations\GamingSim AStar\GamingSim AStar\path planning\Path Planning\Debug\Path Planning.vcxprojResolveAssemblyReference.cache
D:\Documents\DropBox\Dropbox\University Work\Year 3\CSC3222 Gaming Simulations\GamingSim AStar\GamingSim AStar\path planning\Path Planning\Debug\Path Planning.write.1.tlog
D:\Documents\DropBox\Dropbox\University Work\Year 3\CSC3222 Gaming Simulations\GamingSim AStar\GamingSim AStar\path planning\Path Planning\Debug\Path Planning_manifest.rc
D:\Documents\DropBox\Dropbox\University Work\Year 3\CSC3222 Gaming Simulations\GamingSim AStar\GamingSim AStar\path planning\Path Planning\Debug\rc.command.1.tlog
D:\Documents\DropBox\Dropbox\University Work\Year 3\CSC3222 Gaming Simulations\GamingSim AStar\GamingSim AStar\path planning\Path Planning\Debug\rc.read.1.tlog
D:\Documents\DropBox\Dropbox\University Work\Year 3\CSC3222 Gaming Simulations\GamingSim AStar\GamingSim AStar\path planning\Path Planning\Debug\rc.write.1.tlog
D:\Documents\DropBox\Dropbox\University Work\Year 3\CSC3222 Gaming Simulations\GamingSim AStar\GamingSim AStar\path planning\Path Planning\Debug\vc100.idb
D:\DOCUMENTS\DROPBOX\DROPBOX\UNIVERSITY WORK\YEAR 3\CSC3222 GAMING SIMULATIONS\GAMINGSIM ASTAR\GAMINGSIM ASTAR\PATH PLANNING\PATH PLANNING\DEBUG\VC100.PDB
