Build started 27/03/2014 09:27:53.
     1>Project "D:\Documents\DropBox\Dropbox\University Work\Year 3\CSC3222 Gaming Simulations\GamingSim AStar\GamingSim AStar\path planning\Path Planning\Path Planning.vcxproj" on node 2 (build target(s)).
     1>InitializeBuildStatus:
         Creating "Debug\Path Planning.unsuccessfulbuild" because "AlwaysCreate" was specified.
       ClCompile:
         C:\Program Files (x86)\Microsoft Visual Studio 10.0\VC\bin\CL.exe /c /ZI /nologo /W3 /WX- /Od /Oy- /D WIN32 /D _DEBUG /D _CONSOLE /D _UNICODE /D UNICODE /Gm /EHsc /RTC1 /MDd /GS /fp:precise /Zc:wchar_t /Zc:forScope /Fo"Debug\\" /Fd"Debug\vc100.pdb" /Gd /TP /analyze- /errorReport:prompt HexGrid.cpp Main.cpp
         Main.cpp
         HexGrid.cpp
     1>d:\documents\dropbox\dropbox\university work\year 3\csc3222 gaming simulations\gamingsim astar\gamingsim astar\path planning\path planning\hexgrid.cpp(266): warning C4018: '>=' : signed/unsigned mismatch
     1>d:\documents\dropbox\dropbox\university work\year 3\csc3222 gaming simulations\gamingsim astar\gamingsim astar\path planning\path planning\hexgrid.cpp(271): warning C4018: '>=' : signed/unsigned mismatch
         Generating Code...
       ManifestResourceCompile:
         All outputs are up-to-date.
       Link:
         C:\Program Files (x86)\Microsoft Visual Studio 10.0\VC\bin\link.exe /ERRORREPORT:PROMPT /OUT:"D:\Documents\DropBox\Dropbox\University Work\Year 3\CSC3222 Gaming Simulations\GamingSim AStar\GamingSim AStar\path planning\Debug\Path Planning.exe" /INCREMENTAL /NOLOGO "sfml-window-d.lib" "sfml-graphics-d.lib" "sfml-system-d.lib" kernel32.lib user32.lib gdi32.lib winspool.lib comdlg32.lib advapi32.lib shell32.lib ole32.lib oleaut32.lib uuid.lib odbc32.lib odbccp32.lib /MANIFEST /ManifestFile:"Debug\Path Planning.exe.intermediate.manifest" /MANIFESTUAC:"level='asInvoker' uiAccess='false'" /DEBUG /PDB:"D:\Documents\DropBox\Dropbox\University Work\Year 3\CSC3222 Gaming Simulations\GamingSim AStar\GamingSim AStar\path planning\Debug\Path Planning.pdb" /SUBSYSTEM:CONSOLE /TLBID:1 /DYNAMICBASE /NXCOMPAT /IMPLIB:"D:\Documents\DropBox\Dropbox\University Work\Year 3\CSC3222 Gaming Simulations\GamingSim AStar\GamingSim AStar\path planning\Debug\Path Planning.lib" /MACHINE:X86 "Debug\Path Planning.exe.embed.manifest.res"
         Debug\HexGrid.obj
         Debug\Main.obj
       Manifest:
         C:\Program Files (x86)\Microsoft SDKs\Windows\v7.0A\bin\mt.exe /nologo /verbose /out:"Debug\Path Planning.exe.embed.manifest" /manifest "Debug\Path Planning.exe.intermediate.manifest"
         All outputs are up-to-date.
       LinkEmbedManifest:
         All outputs are up-to-date.
         Path Planning.vcxproj -> D:\Documents\DropBox\Dropbox\University Work\Year 3\CSC3222 Gaming Simulations\GamingSim AStar\GamingSim AStar\path planning\Debug\Path Planning.exe
       FinalizeBuildStatus:
         Deleting file "Debug\Path Planning.unsuccessfulbuild".
         Touching "Debug\Path Planning.lastbuildstate".
     1>Done Building Project "D:\Documents\DropBox\Dropbox\University Work\Year 3\CSC3222 Gaming Simulations\GamingSim AStar\GamingSim AStar\path planning\Path Planning\Path Planning.vcxproj" (build target(s)).

Build succeeded.

Time Elapsed 00:00:01.85
