Build started 27/03/2014 09:32:22.
     1>Project "D:\Documents\DropBox\Dropbox\University Work\Year 3\CSC3222 Gaming Simulations\GamingSim AStar\GamingSim AStar\path planning\Path Planning\Path Planning.vcxproj" on node 2 (build target(s)).
     1>InitializeBuildStatus:
         Touching "Release\Path Planning.unsuccessfulbuild".
       ClCompile:
         C:\Program Files (x86)\Microsoft Visual Studio 10.0\VC\bin\CL.exe /c /Zi /nologo /W3 /WX- /O2 /Oi /Oy- /GL /D WIN32 /D NDEBUG /D _CONSOLE /D _UNICODE /D UNICODE /Gm- /EHsc /MD /GS /Gy /fp:precise /Zc:wchar_t /Zc:forScope /Fo"Release\\" /Fd"Release\vc100.pdb" /Gd /TP /analyze- /errorReport:prompt HexGrid.cpp Main.cpp
         HexGrid.cpp
     1>HexGrid.cpp(266): warning C4018: '>=' : signed/unsigned mismatch
     1>HexGrid.cpp(271): warning C4018: '>=' : signed/unsigned mismatch
         Main.cpp
       Link:
         C:\Program Files (x86)\Microsoft Visual Studio 10.0\VC\bin\link.exe /ERRORREPORT:PROMPT /OUT:"D:\Documents\DropBox\Dropbox\University Work\Year 3\CSC3222 Gaming Simulations\GamingSim AStar\GamingSim AStar\path planning\Release\Path Planning.exe" /INCREMENTAL:NO /NOLOGO "sfml-window.lib" "sfml-graphics.lib" "sfml-system.lib" kernel32.lib user32.lib gdi32.lib winspool.lib comdlg32.lib advapi32.lib shell32.lib ole32.lib oleaut32.lib uuid.lib odbc32.lib odbccp32.lib /MANIFEST /ManifestFile:"Release\Path Planning.exe.intermediate.manifest" /MANIFESTUAC:"level='asInvoker' uiAccess='false'" /DEBUG /PDB:"D:\Documents\DropBox\Dropbox\University Work\Year 3\CSC3222 Gaming Simulations\GamingSim AStar\GamingSim AStar\path planning\Release\Path Planning.pdb" /SUBSYSTEM:CONSOLE /OPT:REF /OPT:ICF /LTCG /TLBID:1 /DYNAMICBASE /NXCOMPAT /IMPLIB:"D:\Documents\DropBox\Dropbox\University Work\Year 3\CSC3222 Gaming Simulations\GamingSim AStar\GamingSim AStar\path planning\Release\Path Planning.lib" /MACHINE:X86 Release\HexGrid.obj
         Release\Main.obj
         Generating code
         Finished generating code
         Path Planning.vcxproj -> D:\Documents\DropBox\Dropbox\University Work\Year 3\CSC3222 Gaming Simulations\GamingSim AStar\GamingSim AStar\path planning\Release\Path Planning.exe
       Manifest:
         C:\Program Files (x86)\Microsoft SDKs\Windows\v7.0A\bin\mt.exe /nologo /verbose /outputresource:"D:\Documents\DropBox\Dropbox\University Work\Year 3\CSC3222 Gaming Simulations\GamingSim AStar\GamingSim AStar\path planning\Release\Path Planning.exe;#1" /manifest "Release\Path Planning.exe.intermediate.manifest"
       FinalizeBuildStatus:
         Deleting file "Release\Path Planning.unsuccessfulbuild".
         Touching "Release\Path Planning.lastbuildstate".
     1>Done Building Project "D:\Documents\DropBox\Dropbox\University Work\Year 3\CSC3222 Gaming Simulations\GamingSim AStar\GamingSim AStar\path planning\Path Planning\Path Planning.vcxproj" (build target(s)).

Build succeeded.

Time Elapsed 00:00:01.99
